<?xml version="1.0" encoding="UTF-8"?>
<!-- Generated by org.testng.reporters.JUnitXMLReporter -->
<testsuite ignored="0" hostname="VenkatM3IN" failures="0" tests="2" name="Default test" time="0.416" errors="0" timestamp="2022-01-03T17:48:40 IST">
  <testcase classname="com.ar.testcases.BaseClass" name="@BeforeSuite setUp" time="-1.64121232009E9">
    <failure type="org.testng.TestNGException" message="
Parameter &amp;apos;HeadlessFlag&amp;apos; is required by BeforeSuite on method setUp but has not been marked @Optional or defined
in C:\Users\venkatm\AppData\Local\Temp\testng-eclipse--690061279\testng-customsuite.xml">
      <![CDATA[org.testng.TestNGException: 
Parameter 'HeadlessFlag' is required by BeforeSuite on method setUp but has not been marked @Optional or defined
in C:\Users\venkatm\AppData\Local\Temp\testng-eclipse--690061279\testng-customsuite.xml
at org.testng.internal.Parameters.createParams(Parameters.java:270)
at org.testng.internal.Parameters.createParametersForMethod(Parameters.java:358)
at org.testng.internal.Parameters.createParameters(Parameters.java:700)
at org.testng.internal.Parameters.createConfigurationParameters(Parameters.java:168)
at org.testng.internal.ConfigInvoker.invokeConfigurations(ConfigInvoker.java:302)
at org.testng.SuiteRunner.privateRun(SuiteRunner.java:317)
at org.testng.SuiteRunner.run(SuiteRunner.java:276)
at org.testng.SuiteRunnerWorker.runSuite(SuiteRunnerWorker.java:53)
at org.testng.SuiteRunnerWorker.run(SuiteRunnerWorker.java:96)
at org.testng.TestNG.runSuitesSequentially(TestNG.java:1212)
at org.testng.TestNG.runSuitesLocally(TestNG.java:1134)
at org.testng.TestNG.runSuites(TestNG.java:1063)
at org.testng.TestNG.run(TestNG.java:1031)
at org.testng.remote.AbstractRemoteTestNG.run(AbstractRemoteTestNG.java:115)
at org.testng.remote.RemoteTestNG.initAndRun(RemoteTestNG.java:251)
at org.testng.remote.RemoteTestNG.main(RemoteTestNG.java:77)
]]>
    </failure>
  </testcase> <!-- @BeforeSuite setUp -->
  <testcase classname="com.ar.testcases.BaseClass" name="@BeforeMethod login" time="-1.641212320512E9">
    <skipped/>
  </testcase> <!-- @BeforeMethod login -->
  <testcase classname="com.ar.testcases.BaseClass" name="@AfterMethod signout" time="-1.641212320516E9">
    <skipped/>
  </testcase> <!-- @AfterMethod signout -->
  <testcase classname="com.ar.testcases.ValidateAR" name="TC_CreateUser_001" time="0.0">
    <skipped/>
  </testcase> <!-- TC_CreateUser_001 -->
  <testcase classname="com.ar.testcases.ValidateAR" name="TC_RunningAReportInAR_002" time="0.0">
    <skipped/>
  </testcase> <!-- TC_RunningAReportInAR_002 -->
</testsuite> <!-- Default test -->
