<!DOCTYPE html PUBLIC "-//W3C//DTD XHTML 1.1//EN" "https://www.w3.org/TR/xhtml11/DTD/xhtml11.dtd">
<html xmlns="https://www.w3.org/1999/xhtml">
<head>
<meta http-equiv="content-type" content="text/html; charset=UTF-8"/>
<title>TestNG Report</title>
<style type="text/css">table {margin-bottom:10px;border-collapse:collapse;empty-cells:show}th,td {border:1px solid #009;padding:.25em .5em}th {vertical-align:bottom}td {vertical-align:top}table a {font-weight:bold}.stripe td {background-color: #E6EBF9}.num {text-align:right}.passedodd td {background-color: #3F3}.passedeven td {background-color: #0A0}.skippedodd td {background-color: #DDD}.skippedeven td {background-color: #CCC}.failedodd td,.attn {background-color: #F33}.failedeven td,.stripe .attn {background-color: #D00}.stacktrace {white-space:pre;font-family:monospace}.totop {font-size:85%;text-align:center;border-bottom:2px solid #000}.invisible {display:none}</style>
</head>
<body>
<table>
<tr><th>Test</th><th># Passed</th><th># Skipped</th><th># Retried</th><th># Failed</th><th>Time (ms)</th><th>Included Groups</th><th>Excluded Groups</th></tr>
<tr><th colspan="8">Suite : Advanced Reporting</th></tr>
<tr><td><a href="#t0">Test : Advanced Reporting</a></td><td class="num">0</td><td class="num attn">4</td><td class="num">0</td><td class="num">0</td><td class="num">737</td><td></td><td></td></tr>
</table>
<table id='summary'><thead><tr><th>Class</th><th>Method</th><th>Start</th><th>Time (ms)</th></tr></thead><tbody><tr><th colspan="4">Suite : Advanced Reporting</th></tr></tbody><tbody id="t0"><tr><th colspan="4">Test : Advanced Reporting &#8212; failed (configuration methods)</th></tr><tr class="failedeven"><td rowspan="1">com.ar.testcases.ValidateAR</td><td><a href="#m0">setUp</a></td><td rowspan="1">1641233140524</td><td rowspan="1">222</td></tr><tr><th colspan="4">Test : Advanced Reporting &#8212; skipped (configuration methods)</th></tr><tr class="skippedeven"><td rowspan="9">com.ar.testcases.ValidateAR</td><td><a href="#m1">login</a></td><td rowspan="4">1641233141468</td><td rowspan="4">-1641233141468</td></tr><tr class="skippedeven"><td><a href="#m2">login</a></td></tr><tr class="skippedeven"><td><a href="#m3">login</a></td></tr><tr class="skippedeven"><td><a href="#m4">login</a></td></tr><tr class="skippedeven"><td><a href="#m5">signout</a></td><td rowspan="4">1641233141466</td><td rowspan="4">-1641233141466</td></tr><tr class="skippedeven"><td><a href="#m6">signout</a></td></tr><tr class="skippedeven"><td><a href="#m7">signout</a></td></tr><tr class="skippedeven"><td><a href="#m8">signout</a></td></tr><tr class="skippedeven"><td><a href="#m9">tearDown</a></td><td rowspan="1">1641233141828</td><td rowspan="1">-1641233141828</td></tr><tr><th colspan="4">Test : Advanced Reporting &#8212; skipped</th></tr><tr class="skippedeven"><td rowspan="4">com.ar.testcases.ValidateAR</td><td><a href="#m10">TC_CreateUser_001</a></td><td rowspan="3">1641233141475</td><td rowspan="3">0</td></tr><tr class="skippedeven"><td><a href="#m11">TC_CreateUser_001</a></td></tr><tr class="skippedeven"><td><a href="#m12">TC_CreateUser_001</a></td></tr><tr class="skippedeven"><td><a href="#m13">TC_RunningAReportInAR_002</a></td><td rowspan="1">1641233141485</td><td rowspan="1">0</td></tr></tbody>
</table>
<h2>Test : Advanced Reporting</h2><h3 id="m0">com.ar.testcases.ValidateAR#setUp</h3><table class="result"><tr class="param"><th>Parameter #1</th><th>Parameter #2</th></tr><tr class="param stripe"><td>yes</td><td>HTMLUnitDriver</td></tr><tr><th colspan="2">Exception</th></tr><tr><td colspan="2"><div class="stacktrace">java.lang.NoClassDefFoundError: org/apache/commons/io/input/BOMInputStream
	at com.gargoylesoftware.htmlunit.WebClient.&lt;clinit&gt;(WebClient.java:163)
	at org.openqa.selenium.htmlunit.HtmlUnitDriver.newWebClient(HtmlUnitDriver.java:510)
	at org.openqa.selenium.htmlunit.HtmlUnitDriver.createWebClient(HtmlUnitDriver.java:389)
	at org.openqa.selenium.htmlunit.HtmlUnitDriver.&lt;init&gt;(HtmlUnitDriver.java:229)
	at org.openqa.selenium.htmlunit.HtmlUnitDriver.&lt;init&gt;(HtmlUnitDriver.java:219)
	at org.openqa.selenium.htmlunit.HtmlUnitDriver.&lt;init&gt;(HtmlUnitDriver.java:209)
	at org.openqa.selenium.htmlunit.HtmlUnitDriver.&lt;init&gt;(HtmlUnitDriver.java:199)
	at com.ar.testcases.BaseClass.setUp(BaseClass.java:95)
Caused by: java.lang.ClassNotFoundException: org.apache.commons.io.input.BOMInputStream
	at java.base/jdk.internal.loader.BuiltinClassLoader.loadClass(BuiltinClassLoader.java:641)
	at java.base/jdk.internal.loader.ClassLoaders$AppClassLoader.loadClass(ClassLoaders.java:188)
	at java.base/java.lang.ClassLoader.loadClass(ClassLoader.java:520)
	... 27 more
... Removed 19 stack frames</div></td></tr></table><p class="totop"><a href="#summary">back to summary</a></p>
<h3 id="m1">com.ar.testcases.ValidateAR#login</h3><table class="result"><tr><th class="invisible"/></tr></table><p class="totop"><a href="#summary">back to summary</a></p>
<h3 id="m2">com.ar.testcases.ValidateAR#login</h3><table class="result"><tr><th class="invisible"/></tr></table><p class="totop"><a href="#summary">back to summary</a></p>
<h3 id="m3">com.ar.testcases.ValidateAR#login</h3><table class="result"><tr><th class="invisible"/></tr></table><p class="totop"><a href="#summary">back to summary</a></p>
<h3 id="m4">com.ar.testcases.ValidateAR#login</h3><table class="result"><tr><th class="invisible"/></tr></table><p class="totop"><a href="#summary">back to summary</a></p>
<h3 id="m5">com.ar.testcases.ValidateAR#signout</h3><table class="result"><tr><th class="invisible"/></tr></table><p class="totop"><a href="#summary">back to summary</a></p>
<h3 id="m6">com.ar.testcases.ValidateAR#signout</h3><table class="result"><tr><th class="invisible"/></tr></table><p class="totop"><a href="#summary">back to summary</a></p>
<h3 id="m7">com.ar.testcases.ValidateAR#signout</h3><table class="result"><tr><th class="invisible"/></tr></table><p class="totop"><a href="#summary">back to summary</a></p>
<h3 id="m8">com.ar.testcases.ValidateAR#signout</h3><table class="result"><tr><th class="invisible"/></tr></table><p class="totop"><a href="#summary">back to summary</a></p>
<h3 id="m9">com.ar.testcases.ValidateAR#tearDown</h3><table class="result"><tr><th class="invisible"/></tr></table><p class="totop"><a href="#summary">back to summary</a></p>
<h3 id="m10">com.ar.testcases.ValidateAR#TC_CreateUser_001</h3><table class="result"><tr class="param"><th>Parameter #1</th><th>Parameter #2</th><th>Parameter #3</th><th>Parameter #4</th><th>Parameter #5</th><th>Parameter #6</th></tr><tr class="param stripe"><td>venkat3</td><td>p</td><td>System - Administrator</td><td>Administrator</td><td>English (United States)</td><td>(UTC+01:00:00) Europe/Amsterdam</td></tr><tr><th colspan="6">Exception</th></tr><tr><td colspan="6"><div class="stacktrace">java.lang.NoClassDefFoundError: org/apache/commons/io/input/BOMInputStream
	at com.gargoylesoftware.htmlunit.WebClient.&lt;clinit&gt;(WebClient.java:163)
	at org.openqa.selenium.htmlunit.HtmlUnitDriver.newWebClient(HtmlUnitDriver.java:510)
	at org.openqa.selenium.htmlunit.HtmlUnitDriver.createWebClient(HtmlUnitDriver.java:389)
	at org.openqa.selenium.htmlunit.HtmlUnitDriver.&lt;init&gt;(HtmlUnitDriver.java:229)
	at org.openqa.selenium.htmlunit.HtmlUnitDriver.&lt;init&gt;(HtmlUnitDriver.java:219)
	at org.openqa.selenium.htmlunit.HtmlUnitDriver.&lt;init&gt;(HtmlUnitDriver.java:209)
	at org.openqa.selenium.htmlunit.HtmlUnitDriver.&lt;init&gt;(HtmlUnitDriver.java:199)
	at com.ar.testcases.BaseClass.setUp(BaseClass.java:95)
Caused by: java.lang.ClassNotFoundException: org.apache.commons.io.input.BOMInputStream
	at java.base/jdk.internal.loader.BuiltinClassLoader.loadClass(BuiltinClassLoader.java:641)
	at java.base/jdk.internal.loader.ClassLoaders$AppClassLoader.loadClass(ClassLoaders.java:188)
	at java.base/java.lang.ClassLoader.loadClass(ClassLoader.java:520)
	... 27 more
... Removed 19 stack frames</div></td></tr></table><p class="totop"><a href="#summary">back to summary</a></p>
<h3 id="m11">com.ar.testcases.ValidateAR#TC_CreateUser_001</h3><table class="result"><tr class="param"><th>Parameter #1</th><th>Parameter #2</th><th>Parameter #3</th><th>Parameter #4</th><th>Parameter #5</th><th>Parameter #6</th></tr><tr class="param stripe"><td>venkat1</td><td>p</td><td>System - Administrator</td><td>Administrator</td><td>English (United States)</td><td>(UTC+01:00:00) Europe/Amsterdam</td></tr><tr><th colspan="6">Exception</th></tr><tr><td colspan="6"><div class="stacktrace">java.lang.NoClassDefFoundError: org/apache/commons/io/input/BOMInputStream
	at com.gargoylesoftware.htmlunit.WebClient.&lt;clinit&gt;(WebClient.java:163)
	at org.openqa.selenium.htmlunit.HtmlUnitDriver.newWebClient(HtmlUnitDriver.java:510)
	at org.openqa.selenium.htmlunit.HtmlUnitDriver.createWebClient(HtmlUnitDriver.java:389)
	at org.openqa.selenium.htmlunit.HtmlUnitDriver.&lt;init&gt;(HtmlUnitDriver.java:229)
	at org.openqa.selenium.htmlunit.HtmlUnitDriver.&lt;init&gt;(HtmlUnitDriver.java:219)
	at org.openqa.selenium.htmlunit.HtmlUnitDriver.&lt;init&gt;(HtmlUnitDriver.java:209)
	at org.openqa.selenium.htmlunit.HtmlUnitDriver.&lt;init&gt;(HtmlUnitDriver.java:199)
	at com.ar.testcases.BaseClass.setUp(BaseClass.java:95)
Caused by: java.lang.ClassNotFoundException: org.apache.commons.io.input.BOMInputStream
	at java.base/jdk.internal.loader.BuiltinClassLoader.loadClass(BuiltinClassLoader.java:641)
	at java.base/jdk.internal.loader.ClassLoaders$AppClassLoader.loadClass(ClassLoaders.java:188)
	at java.base/java.lang.ClassLoader.loadClass(ClassLoader.java:520)
	... 27 more
... Removed 19 stack frames</div></td></tr></table><p class="totop"><a href="#summary">back to summary</a></p>
<h3 id="m12">com.ar.testcases.ValidateAR#TC_CreateUser_001</h3><table class="result"><tr class="param"><th>Parameter #1</th><th>Parameter #2</th><th>Parameter #3</th><th>Parameter #4</th><th>Parameter #5</th><th>Parameter #6</th></tr><tr class="param stripe"><td>venkat2</td><td>p</td><td>System - Administrator</td><td>Administrator</td><td>Arabic (U.A.E.)</td><td>(UTC+00:00:00) Atlantic/Canary</td></tr><tr><th colspan="6">Exception</th></tr><tr><td colspan="6"><div class="stacktrace">java.lang.NoClassDefFoundError: org/apache/commons/io/input/BOMInputStream
	at com.gargoylesoftware.htmlunit.WebClient.&lt;clinit&gt;(WebClient.java:163)
	at org.openqa.selenium.htmlunit.HtmlUnitDriver.newWebClient(HtmlUnitDriver.java:510)
	at org.openqa.selenium.htmlunit.HtmlUnitDriver.createWebClient(HtmlUnitDriver.java:389)
	at org.openqa.selenium.htmlunit.HtmlUnitDriver.&lt;init&gt;(HtmlUnitDriver.java:229)
	at org.openqa.selenium.htmlunit.HtmlUnitDriver.&lt;init&gt;(HtmlUnitDriver.java:219)
	at org.openqa.selenium.htmlunit.HtmlUnitDriver.&lt;init&gt;(HtmlUnitDriver.java:209)
	at org.openqa.selenium.htmlunit.HtmlUnitDriver.&lt;init&gt;(HtmlUnitDriver.java:199)
	at com.ar.testcases.BaseClass.setUp(BaseClass.java:95)
Caused by: java.lang.ClassNotFoundException: org.apache.commons.io.input.BOMInputStream
	at java.base/jdk.internal.loader.BuiltinClassLoader.loadClass(BuiltinClassLoader.java:641)
	at java.base/jdk.internal.loader.ClassLoaders$AppClassLoader.loadClass(ClassLoaders.java:188)
	at java.base/java.lang.ClassLoader.loadClass(ClassLoader.java:520)
	... 27 more
... Removed 19 stack frames</div></td></tr></table><p class="totop"><a href="#summary">back to summary</a></p>
<h3 id="m13">com.ar.testcases.ValidateAR#TC_RunningAReportInAR_002</h3><table class="result"><tr><th>Exception</th></tr><tr><td><div class="stacktrace">java.lang.NoClassDefFoundError: org/apache/commons/io/input/BOMInputStream
	at com.gargoylesoftware.htmlunit.WebClient.&lt;clinit&gt;(WebClient.java:163)
	at org.openqa.selenium.htmlunit.HtmlUnitDriver.newWebClient(HtmlUnitDriver.java:510)
	at org.openqa.selenium.htmlunit.HtmlUnitDriver.createWebClient(HtmlUnitDriver.java:389)
	at org.openqa.selenium.htmlunit.HtmlUnitDriver.&lt;init&gt;(HtmlUnitDriver.java:229)
	at org.openqa.selenium.htmlunit.HtmlUnitDriver.&lt;init&gt;(HtmlUnitDriver.java:219)
	at org.openqa.selenium.htmlunit.HtmlUnitDriver.&lt;init&gt;(HtmlUnitDriver.java:209)
	at org.openqa.selenium.htmlunit.HtmlUnitDriver.&lt;init&gt;(HtmlUnitDriver.java:199)
	at com.ar.testcases.BaseClass.setUp(BaseClass.java:95)
Caused by: java.lang.ClassNotFoundException: org.apache.commons.io.input.BOMInputStream
	at java.base/jdk.internal.loader.BuiltinClassLoader.loadClass(BuiltinClassLoader.java:641)
	at java.base/jdk.internal.loader.ClassLoaders$AppClassLoader.loadClass(ClassLoaders.java:188)
	at java.base/java.lang.ClassLoader.loadClass(ClassLoader.java:520)
	... 27 more
... Removed 19 stack frames</div></td></tr></table><p class="totop"><a href="#summary">back to summary</a></p>
</body>
</html>
